#
# There is insufficient memory for the Java Runtime Environment to continue.
# Native memory allocation (mmap) failed to map 134217728 bytes for G1 virtual space
# Possible reasons:
#   The system is out of physical RAM or swap space
#   The process is running with CompressedOops enabled, and the Java Heap may be blocking the growth of the native heap
# Possible solutions:
#   Reduce memory load on the system
#   Increase physical memory or swap space
#   Check if swap backing store is full
#   Decrease Java heap size (-Xmx/-Xms)
#   Decrease number of Java threads
#   Decrease Java thread stack sizes (-Xss)
#   Set larger code cache with -XX:ReservedCodeCacheSize=
#   JVM is running with Unscaled Compressed Oops mode in which the Java heap is
#     placed in the first 4GB address space. The Java Heap base address is the
#     maximum limit for the native heap growth. Please use -XX:HeapBaseMinAddress
#     to set the Java Heap base and to place the Java Heap above 4GB virtual address.
# This output file may be truncated or incomplete.
#
#  Out of Memory Error (os_windows.cpp:3536), pid=10324, tid=3544
#
# JRE version:  (19.0.2+7) (build )
# Java VM: OpenJDK 64-Bit Server VM (19.0.2+7-44, mixed mode, sharing, tiered, compressed oops, compressed class ptrs, g1 gc, windows-amd64)
# No core dump will be written. Minidumps are not enabled by default on client versions of Windows
#

---------------  S U M M A R Y ------------

Command Line: -javaagent:C:\Program Files\JetBrains\IntelliJ IDEA Community Edition 2022.3.1\lib\idea_rt.jar=58522:C:\Program Files\JetBrains\IntelliJ IDEA Community Edition 2022.3.1\bin -Dfile.encoding=UTF-8 -Dsun.stdout.encoding=UTF-8 -Dsun.stderr.encoding=UTF-8 --module-path=C:\Users\Saheer\.m2\repository\org\openjfx\javafx-graphics\19\javafx-graphics-19-win.jar;C:\Users\Saheer\.m2\repository\org\openjfx\javafx-controls\19\javafx-controls-19-win.jar;C:\Users\Saheer\.m2\repository\org\openjfx\javafx-fxml\19\javafx-fxml-19-win.jar;C:\Users\Saheer\Desktop\Projects\fresca-project\frescaManagement\target\classes;C:\Users\Saheer\.m2\repository\org\openjfx\javafx-base\19\javafx-base-19-win.jar -Djdk.module.main=com.frescaMangaement com.frescaMangaement/com.frescaManagement.FrescaApplication

Host: Intel(R) Core(TM) i5-8250U CPU @ 1.60GHz, 8 cores, 7G,  Windows 11 , 64 bit Build 22621 (10.0.22621.3374)
Time: Sun May 19 23:30:12 2024 Jerusalem Daylight Time elapsed time: 0.027533 seconds (0d 0h 0m 0s)

---------------  T H R E A D  ---------------

Current thread (0x0000023e70fbfac0):  JavaThread "Unknown thread" [_thread_in_vm, id=3544, stack(0x0000006c9b300000,0x0000006c9b400000)]

Stack: [0x0000006c9b300000,0x0000006c9b400000]
Native frames: (J=compiled Java code, j=interpreted, Vv=VM code, C=native code)
V  [jvm.dll+0x6ee21a]
V  [jvm.dll+0x85765e]
V  [jvm.dll+0x85904e]
V  [jvm.dll+0x859703]
V  [jvm.dll+0x28298f]
V  [jvm.dll+0x6eb009]
V  [jvm.dll+0x6dfbaa]
V  [jvm.dll+0x3573f6]
V  [jvm.dll+0x35ee56]
V  [jvm.dll+0x3b541e]
V  [jvm.dll+0x3b564f]
V  [jvm.dll+0x32c9ea]
V  [jvm.dll+0x32d89e]
V  [jvm.dll+0x821780]
V  [jvm.dll+0x3c2661]
V  [jvm.dll+0x801f51]
V  [jvm.dll+0x44ae8f]
V  [jvm.dll+0x44c811]
C  [jli.dll+0x5287]
C  [ucrtbase.dll+0x29333]
C  [KERNEL32.DLL+0x1257d]
C  [ntdll.dll+0x5aa48]


---------------  P R O C E S S  ---------------

Threads class SMR info:
_java_thread_list=0x00007fff3447d048, length=0, elements={
}

Java Threads: ( => current thread )

Other Threads:
  0x0000023e7101f0f0 WorkerThread "GC Thread#0" [stack: 0x0000006c9b400000,0x0000006c9b500000] [id=23676]
  0x0000023e7102fe00 ConcurrentGCThread "G1 Main Marker" [stack: 0x0000006c9b500000,0x0000006c9b600000] [id=1224]
  0x0000023e71030ee0 WorkerThread "G1 Conc#0" [stack: 0x0000006c9b600000,0x0000006c9b700000] [id=27516]

[error occurred during error reporting (printing all threads), id 0xc0000005, EXCEPTION_ACCESS_VIOLATION (0xc0000005) at pc=0x00007fff33c3d427]

VM state: not at safepoint (not fully initialized)

VM Mutex/Monitor currently owned by a thread:  ([mutex/lock_event])
[0x0000023e70fba480] Heap_lock - owner thread: 0x0000023e70fbfac0

Heap address: 0x0000000081800000, size: 2024 MB, Compressed Oops mode: 32-bit

CDS archive(s) mapped at: [0x0000000000000000-0x0000000000000000-0x0000000000000000), size 0, SharedBaseAddress: 0x0000000800000000, ArchiveRelocationMode: 0.
Narrow klass base: 0x0000000000000000, Narrow klass shift: 0, Narrow klass range: 0x0

GC Precious Log:
 CardTable entry size: 512
 Card Set container configuration: InlinePtr #cards 5 size 8 Array Of Cards #cards 12 size 40 Howl #buckets 4 coarsen threshold 1843 Howl Bitmap #cards 512 size 80 coarsen threshold 460 Card regions per heap region 1 cards per card region 2048

Heap:
 garbage-first heap   total 0K, used 0K [0x0000000081800000, 0x0000000100000000)
  region size 1024K, 0 young (0K), 0 survivors (0K)

[error occurred during error reporting (printing heap information), id 0xc0000005, EXCEPTION_ACCESS_VIOLATION (0xc0000005) at pc=0x00007fff34046649]

GC Heap History (0 events):
No events

Dll operation events (1 events):
Event: 0.019 Loaded shared library C:\Users\Saheer\.jdks\openjdk-19.0.2\bin\java.dll

Deoptimization events (0 events):
No events

Classes loaded (0 events):
No events

Classes unloaded (0 events):
No events

Classes redefined (0 events):
No events

Internal exceptions (0 events):
No events

VM Operations (0 events):
No events

Events (0 events):
No events


Dynamic libraries:
0x00007ff67cd30000 - 0x00007ff67cd3e000 	C:\Users\Saheer\.jdks\openjdk-19.0.2\bin\java.exe
0x00007fff73490000 - 0x00007fff736a6000 	C:\WINDOWS\SYSTEM32\ntdll.dll
0x00007fff71220000 - 0x00007fff712e4000 	C:\WINDOWS\System32\KERNEL32.DLL
0x00007fff70aa0000 - 0x00007fff70e47000 	C:\WINDOWS\System32\KERNELBASE.dll
0x00007fff70ed0000 - 0x00007fff70fe1000 	C:\WINDOWS\System32\ucrtbase.dll
0x00007fff6ab60000 - 0x00007fff6ab7b000 	C:\Users\Saheer\.jdks\openjdk-19.0.2\bin\VCRUNTIME140.dll
0x00007fff6acf0000 - 0x00007fff6ad07000 	C:\Users\Saheer\.jdks\openjdk-19.0.2\bin\jli.dll
0x00007fff715c0000 - 0x00007fff7176e000 	C:\WINDOWS\System32\USER32.dll
0x00007fff61500000 - 0x00007fff61793000 	C:\WINDOWS\WinSxS\amd64_microsoft.windows.common-controls_6595b64144ccf1df_6.0.22621.3235_none_270f74e173860f98\COMCTL32.dll
0x00007fff707b0000 - 0x00007fff707d6000 	C:\WINDOWS\System32\win32u.dll
0x00007fff71910000 - 0x00007fff719b7000 	C:\WINDOWS\System32\msvcrt.dll
0x00007fff718e0000 - 0x00007fff71909000 	C:\WINDOWS\System32\GDI32.dll
0x00007fff707e0000 - 0x00007fff708f9000 	C:\WINDOWS\System32\gdi32full.dll
0x00007fff710b0000 - 0x00007fff7114a000 	C:\WINDOWS\System32\msvcp_win.dll
0x00007fff712f0000 - 0x00007fff71321000 	C:\WINDOWS\System32\IMM32.DLL
0x00007fff6bb30000 - 0x00007fff6bb3c000 	C:\Users\Saheer\.jdks\openjdk-19.0.2\bin\vcruntime140_1.dll
0x00007fff54680000 - 0x00007fff5470e000 	C:\Users\Saheer\.jdks\openjdk-19.0.2\bin\msvcp140.dll
0x00007fff33900000 - 0x00007fff345c0000 	C:\Users\Saheer\.jdks\openjdk-19.0.2\bin\server\jvm.dll
0x00007fff71b80000 - 0x00007fff71c32000 	C:\WINDOWS\System32\ADVAPI32.dll
0x00007fff71f20000 - 0x00007fff71fc8000 	C:\WINDOWS\System32\sechost.dll
0x00007fff70a70000 - 0x00007fff70a98000 	C:\WINDOWS\System32\bcrypt.dll
0x00007fff71ff0000 - 0x00007fff72105000 	C:\WINDOWS\System32\RPCRT4.dll
0x00007fff5d0b0000 - 0x00007fff5d0e4000 	C:\WINDOWS\SYSTEM32\WINMM.dll
0x00007fff4b390000 - 0x00007fff4b399000 	C:\WINDOWS\SYSTEM32\WSOCK32.dll
0x00007fff71da0000 - 0x00007fff71e11000 	C:\WINDOWS\System32\WS2_32.dll
0x00007fff6b8b0000 - 0x00007fff6b8ba000 	C:\WINDOWS\SYSTEM32\VERSION.dll
0x00007fff6f7f0000 - 0x00007fff6f808000 	C:\WINDOWS\SYSTEM32\kernel.appcore.dll
0x00007fff6b8e0000 - 0x00007fff6b8ea000 	C:\Users\Saheer\.jdks\openjdk-19.0.2\bin\jimage.dll
0x00007fff6a300000 - 0x00007fff6a533000 	C:\WINDOWS\SYSTEM32\DBGHELP.DLL
0x00007fff730c0000 - 0x00007fff73448000 	C:\WINDOWS\System32\combase.dll
0x00007fff71770000 - 0x00007fff71847000 	C:\WINDOWS\System32\OLEAUT32.dll
0x00007fff6a110000 - 0x00007fff6a142000 	C:\WINDOWS\SYSTEM32\dbgcore.DLL
0x00007fff70e50000 - 0x00007fff70ec9000 	C:\WINDOWS\System32\bcryptPrimitives.dll
0x00007fff644b0000 - 0x00007fff644be000 	C:\Users\Saheer\.jdks\openjdk-19.0.2\bin\instrument.dll
0x00007fff6ab30000 - 0x00007fff6ab56000 	C:\Users\Saheer\.jdks\openjdk-19.0.2\bin\java.dll

dbghelp: loaded successfully - version: 4.0.5 - missing functions: none
symbol engine: initialized successfully - sym options: 0x614 - pdb path: .;C:\Users\Saheer\.jdks\openjdk-19.0.2\bin;C:\WINDOWS\SYSTEM32;C:\WINDOWS\WinSxS\amd64_microsoft.windows.common-controls_6595b64144ccf1df_6.0.22621.3235_none_270f74e173860f98;C:\Users\Saheer\.jdks\openjdk-19.0.2\bin\server

VM Arguments:
jvm_args: -javaagent:C:\Program Files\JetBrains\IntelliJ IDEA Community Edition 2022.3.1\lib\idea_rt.jar=58522:C:\Program Files\JetBrains\IntelliJ IDEA Community Edition 2022.3.1\bin -Dfile.encoding=UTF-8 -Dsun.stdout.encoding=UTF-8 -Dsun.stderr.encoding=UTF-8 --module-path=C:\Users\Saheer\.m2\repository\org\openjfx\javafx-graphics\19\javafx-graphics-19-win.jar;C:\Users\Saheer\.m2\repository\org\openjfx\javafx-controls\19\javafx-controls-19-win.jar;C:\Users\Saheer\.m2\repository\org\openjfx\javafx-fxml\19\javafx-fxml-19-win.jar;C:\Users\Saheer\Desktop\Projects\fresca-project\frescaManagement\target\classes;C:\Users\Saheer\.m2\repository\org\openjfx\javafx-base\19\javafx-base-19-win.jar -Djdk.module.main=com.frescaMangaement 
java_command: com.frescaMangaement/com.frescaManagement.FrescaApplication
java_class_path (initial): C:\Users\Saheer\.m2\repository\org\openjfx\javafx-controls\19\javafx-controls-19.jar;C:\Users\Saheer\.m2\repository\org\openjfx\javafx-graphics\19\javafx-graphics-19.jar;C:\Users\Saheer\.m2\repository\org\openjfx\javafx-base\19\javafx-base-19.jar;C:\Users\Saheer\.m2\repository\org\openjfx\javafx-fxml\19\javafx-fxml-19.jar;C:\Users\Saheer\.m2\repository\com\mysql\mysql-connector-j\8.0.33\mysql-connector-j-8.0.33.jar;C:\Users\Saheer\.m2\repository\com\google\protobuf\protobuf-java\3.21.9\protobuf-java-3.21.9.jar
Launcher Type: SUN_STANDARD

[Global flags]
     intx CICompilerCount                          = 4                                         {product} {ergonomic}
     uint ConcGCThreads                            = 2                                         {product} {ergonomic}
     uint G1ConcRefinementThreads                  = 8                                         {product} {ergonomic}
   size_t G1HeapRegionSize                         = 1048576                                   {product} {ergonomic}
    uintx GCDrainStackTargetSize                   = 64                                        {product} {ergonomic}
   size_t InitialHeapSize                          = 134217728                                 {product} {ergonomic}
   size_t MarkStackSize                            = 4194304                                   {product} {ergonomic}
   size_t MaxHeapSize                              = 2122317824                                {product} {ergonomic}
   size_t MinHeapDeltaBytes                        = 1048576                                   {product} {ergonomic}
   size_t MinHeapSize                              = 8388608                                   {product} {ergonomic}
    uintx NonNMethodCodeHeapSize                   = 5839372                                {pd product} {ergonomic}
    uintx NonProfiledCodeHeapSize                  = 122909434                              {pd product} {ergonomic}
    uintx ProfiledCodeHeapSize                     = 122909434                              {pd product} {ergonomic}
    uintx ReservedCodeCacheSize                    = 251658240                              {pd product} {ergonomic}
     bool SegmentedCodeCache                       = true                                      {product} {ergonomic}
   size_t SoftMaxHeapSize                          = 2122317824                             {manageable} {ergonomic}
     bool UseCompressedClassPointers               = true                           {product lp64_product} {ergonomic}
     bool UseCompressedOops                        = true                           {product lp64_product} {ergonomic}
     bool UseG1GC                                  = true                                      {product} {ergonomic}
     bool UseLargePagesIndividualAllocation        = false                                  {pd product} {ergonomic}

Logging:
Log output configuration:
 #0: stdout all=warning uptime,level,tags foldmultilines=false
 #1: stderr all=off uptime,level,tags foldmultilines=false

Environment Variables:
PATH=C:\WINDOWS\system32;C:\WINDOWS;C:\WINDOWS\System32\Wbem;C:\WINDOWS\System32\WindowsPowerShell\v1.0\;C:\WINDOWS\System32\OpenSSH\;C:\Program Files\Git\cmd;C:\Program Files\Microsoft SQL Server\150\Tools\Binn\;C:\Users\Saheer\AppData\Local\Microsoft\WindowsApps
USERNAME=Saheer
OS=Windows_NT
PROCESSOR_IDENTIFIER=Intel64 Family 6 Model 142 Stepping 10, GenuineIntel
TMP=C:\Users\Saheer\AppData\Local\Temp
TEMP=C:\Users\Saheer\AppData\Local\Temp



---------------  S Y S T E M  ---------------

OS:
 Windows 11 , 64 bit Build 22621 (10.0.22621.3374)
OS uptime: 38 days 22:58 hours

CPU: total 8 (initial active 8) (4 cores per cpu, 2 threads per core) family 6 model 142 stepping 10 microcode 0xe0, cx8, cmov, fxsr, ht, mmx, 3dnowpref, sse, sse2, sse3, ssse3, sse4.1, sse4.2, popcnt, lzcnt, tsc, tscinvbit, avx, avx2, aes, erms, clmul, bmi1, bmi2, adx, fma, vzeroupper, clflush, clflushopt, rdtscp

Memory: 4k page, system-wide physical 8092M (302M free)
TotalPageFile size 32668M (AvailPageFile size 98M)
current process WorkingSet (physical memory assigned to process): 11M, peak: 11M
current process commit charge ("private bytes"): 60M, peak: 188M

vm_info: OpenJDK 64-Bit Server VM (19.0.2+7-44) for windows-amd64 JRE (19.0.2+7-44), built on 2022-11-30T18:02:09Z by "mach5one" with MS VC++ 17.1 (VS2022)

END.
